c:\users\kira\documents\visual studio 2015\projects\progetto_finale\progetto_finale\debug\vc140.pdb
c:\users\kira\documents\visual studio 2015\projects\progetto_finale\progetto_finale\debug\vc140.idb
c:\users\kira\documents\visual studio 2015\projects\progetto_finale\progetto_finale\debug\eventi.obj
c:\users\kira\documents\visual studio 2015\projects\progetto_finale\progetto_finale\debug\gestioneeventi.obj
c:\users\kira\documents\visual studio 2015\projects\progetto_finale\progetto_finale\debug\gestionelista.obj
c:\users\kira\documents\visual studio 2015\projects\progetto_finale\progetto_finale\debug\myserverclass.obj
c:\users\kira\documents\visual studio 2015\projects\progetto_finale\progetto_finale\debug\sendkeystrokes.obj
c:\users\kira\documents\visual studio 2015\projects\progetto_finale\progetto_finale\debug\main.obj
c:\users\kira\documents\visual studio 2015\projects\progetto_finale - copy\progetto_finale\debug\vc140.pdb
c:\users\kira\documents\visual studio 2015\projects\progetto_finale - copy\progetto_finale\debug\vc140.idb
c:\users\kira\documents\visual studio 2015\projects\progetto_finale - copy\progetto_finale\debug\eventi.obj
c:\users\kira\documents\visual studio 2015\projects\progetto_finale - copy\progetto_finale\debug\gestioneeventi.obj
c:\users\kira\documents\visual studio 2015\projects\progetto_finale - copy\progetto_finale\debug\gestionelista.obj
c:\users\kira\documents\visual studio 2015\projects\progetto_finale - copy\progetto_finale\debug\myserverclass.obj
c:\users\kira\documents\visual studio 2015\projects\progetto_finale - copy\progetto_finale\debug\sendkeystrokes.obj
c:\users\kira\documents\visual studio 2015\projects\progetto_finale - copy\progetto_finale\debug\main.obj
c:\users\kira\documents\visual studio 2015\projects\progetto_finale\debug\progetto_finale.ilk
c:\users\kira\documents\visual studio 2015\projects\progetto_finale\debug\progetto_finale.exe
c:\users\kira\documents\visual studio 2015\projects\progetto_finale\debug\progetto_finale.pdb
c:\users\kira\documents\visual studio 2015\projects\progetto_finale - copy\debug\progetto_finale.ilk
c:\users\kira\documents\visual studio 2015\projects\progetto_finale - copy\debug\progetto_finale.exe
c:\users\kira\documents\visual studio 2015\projects\progetto_finale - copy\debug\progetto_finale.pdb
c:\users\kira\documents\visual studio 2015\projects\progetto_finale - copy\progetto_finale\debug\progetto_finale.tlog\cl.command.1.tlog
c:\users\kira\documents\visual studio 2015\projects\progetto_finale - copy\progetto_finale\debug\progetto_finale.tlog\cl.read.1.tlog
c:\users\kira\documents\visual studio 2015\projects\progetto_finale - copy\progetto_finale\debug\progetto_finale.tlog\cl.write.1.tlog
c:\users\kira\documents\visual studio 2015\projects\progetto_finale - copy\progetto_finale\debug\progetto_finale.tlog\link.command.1.tlog
c:\users\kira\documents\visual studio 2015\projects\progetto_finale - copy\progetto_finale\debug\progetto_finale.tlog\link.read.1.tlog
c:\users\kira\documents\visual studio 2015\projects\progetto_finale - copy\progetto_finale\debug\progetto_finale.tlog\link.write.1.tlog
